/*C12*/SET SCHEMA PUBLIC
INSERT INTO RACE VALUES(3,'2022-05-02','Tallinn','12:38:00',NULL)
COMMIT
INSERT INTO PARTICIPANT VALUES(5,'Olivetone',1,3)
COMMIT
INSERT INTO PARTICIPANT VALUES(6,'Turmeric',3,3)
COMMIT
INSERT INTO BET VALUES(3,6,1)
COMMIT
DELETE FROM RACE WHERE RACE_ID=3
INSERT INTO RACE VALUES(3,'2022-05-02','Tallinn','12:38:00',3)
COMMIT
DISCONNECT
/*C13*/SET SCHEMA PUBLIC
DISCONNECT
/*C14*/SET SCHEMA PUBLIC
DISCONNECT
/*C15*/SET SCHEMA PUBLIC
DISCONNECT
/*C16*/SET SCHEMA PUBLIC
DISCONNECT
/*C17*/SET SCHEMA PUBLIC
DISCONNECT
/*C18*/SET SCHEMA PUBLIC
DISCONNECT
/*C19*/SET SCHEMA PUBLIC
DISCONNECT
/*C20*/SET SCHEMA PUBLIC
DISCONNECT
/*C21*/SET SCHEMA PUBLIC
DISCONNECT
